make.exe all --print-data-base --no-builtin-variables --no-builtin-rules --question
make: *** No rule to make target 'all'.  Stop.

# GNU Make 4.3
# Built for Windows32
# Copyright (C) 1988-2020 Free Software Foundation, Inc.
# License GPLv3+: GNU GPL version 3 or later <http://gnu.org/licenses/gpl.html>
# This is free software: you are free to change and redistribute it.
# There is NO WARRANTY, to the extent permitted by law.

# Make data base, printed on Sat Jul 30 17:57:54 2022

# Variables

# environment
FPS_BROWSER_APP_PROFILE_STRING = Internet Explorer
# environment
SYSTEMDRIVE = C:
# environment
LC_ALL = C
# environment
USERPROFILE = C:\Users\world415
# environment
LOCALAPPDATA = C:\Users\world415\AppData\Local
# environment
VSCODE_CWD = C:\Users\world415\AppData\Local\Programs\Microsoft VS Code
# environment
CHOCOLATEYINSTALL = C:\ProgramData\chocolatey
# environment
SYSTEMROOT = C:\WINDOWS
# environment
PROCESSOR_LEVEL = 6
# environment
PSMODULEPATH = C:\Program Files\WindowsPowerShell\Modules;C:\WINDOWS\system32\WindowsPowerShell\v1.0\Modules
# default
MAKE_COMMAND := C:/ProgramData/chocolatey/lib/make/tools/install/bin/make.exe
# environment
GOPATH = C:\Users\world415\go
# automatic
@D = $(patsubst %/,%,$(patsubst %\,%,$(dir $@)))
# environment
CHROME_CRASHPAD_PIPE_NAME = \\.\pipe\crashpad_18928_FOAZLYRIMKASSYRJ
# environment
FPS_BROWSER_USER_PROFILE_STRING = Default
# environment
VSCODE_HANDLES_UNCAUGHT_ERRORS = true
# default
.VARIABLES := 
# automatic
%D = $(patsubst %/,%,$(patsubst %\,%,$(dir $%)))
# automatic
^D = $(patsubst %/,%,$(patsubst %\,%,$(dir $^)))
# automatic
%F = $(notdir $%)
# environment
VSCODE_CODE_CACHE_PATH = C:\Users\world415\AppData\Roaming\Code\CachedData\3b889b090b5ad5793f524b5d1d39fda662b96a2a
# environment
LANG = C
# default
.LOADED := 
# environment
TMP = C:\Users\world415\AppData\Local\Temp
# default
.INCLUDE_DIRS = .
# environment
PROCESSOR_ARCHITEW6432 = AMD64
# makefile
MAKEFLAGS = pqrR
# environment
INTEL_DEV_REDIST = C:\Program Files (x86)\Common Files\Intel\Shared Libraries\
# environment
ONEDRIVE = C:\Users\world415\OneDrive
# makefile
CURDIR := c:/Coding/C++/OnlineGame
# environment
APPLICATION_INSIGHTS_NO_DIAGNOSTIC_CHANNEL = true
# automatic
*D = $(patsubst %/,%,$(patsubst %\,%,$(dir $*)))
# environment
PROGRAMFILES = C:\Program Files (x86)
# environment
MFLAGS = -pqrR
# default
.SHELLFLAGS := -c
# environment
COMMONPROGRAMW6432 = C:\Program Files\Common Files
# automatic
+D = $(patsubst %/,%,$(patsubst %\,%,$(dir $+)))
# makefile
MAKEFILE_LIST := 
# automatic
@F = $(notdir $@)
# environment
VSCODE_PID = 18928
# automatic
?D = $(patsubst %/,%,$(patsubst %\,%,$(dir $?)))
# automatic
*F = $(notdir $*)
# automatic
<D = $(patsubst %/,%,$(patsubst %\,%,$(dir $<)))
# environment
VSCODE_NLS_CONFIG = {"locale":"ko","availableLanguages":{"*":"ko"},"_languagePackId":"2dff5cff996ed6cbe8d8aa8740f86aa0.ko","_translationsConfigFile":"C:\\Users\\world415\\AppData\\Roaming\\Code\\clp\\2dff5cff996ed6cbe8d8aa8740f86aa0.ko\\tcf.json","_cacheRoot":"C:\\Users\\world415\\AppData\\Roaming\\Code\\clp\\2dff5cff996ed6cbe8d8aa8740f86aa0.ko","_resolvedLanguagePackCoreLocation":"C:\\Users\\world415\\AppData\\Roaming\\Code\\clp\\2dff5cff996ed6cbe8d8aa8740f86aa0.ko\\3b889b090b5ad5793f524b5d1d39fda662b96a2a","_corruptedFile":"C:\\Users\\world415\\AppData\\Roaming\\Code\\clp\\2dff5cff996ed6cbe8d8aa8740f86aa0.ko\\corrupted.info","_languagePackSupport":true}
# environment
ONEDRIVECONSUMER = C:\Users\world415\OneDrive
# default
MAKE_HOST := Windows32
# environment
PROGRAMDATA = C:\ProgramData
# default
SHELL := sh.exe
# environment
HOMEPATH = \Users\world415
# default
MAKECMDGOALS := all
# environment
DRIVERDATA = C:\Windows\System32\Drivers\DriverData
# environment
COMSPEC = C:\WINDOWS\system32\cmd.exe
# environment
WINDIR = C:\WINDOWS
# environment
MAKELEVEL := 0
# default
MAKE = $(MAKE_COMMAND)
# environment
PATH = C:\Program Files (x86)\Common Files\Oracle\Java\javapath;C:\Program Files (x86)\Common Files\Intel\Shared Libraries\redist\intel64\compiler;C:\Windows\System32;C:\Windows;C:\msys64\mingw64\bin;C:\Program Files\CMake\bin;C:\Windows\System32\wbem;C:\Windows\System32\WindowsPowerShell\v1.0\;C:\Windows\System32\OpenSSH\;C:\Program Files\Git\cmd;C:\ProgramData\chocolatey\bin;C:\Users\world415\AppData\Local\Programs\Python\Python39;C:\Program Files (x86)\GnuPG\bin;C:\Users\world415\.jdks\openjdk-16.0.2\bin;C:\Users\world415\.gradle\caches\modules-2\files-2.1;C:\Program Files\Bandizip\;C:\Program Files\Go\bin;C:\Program Files\Docker\Docker\resources\bin;C:\ProgramData\DockerDesktop\version-bin;C:\MinGW-7.3.0\bin;C:\Program Files\Animation Paper\gstreamer\bin;C:\msys64\mingw64\bin;C:\Users\world415\AppData\Local\GitHubDesktop\bin;C:\Users\world415\AppData\Local\Programs\Python\Python39;C:\Users\world415\AppData\Local\Programs\Python\Python39\Scripts;C:\Program FIles (x86)\GnuPG\bin;C:\Kotlin\kotlin\bin;C:\Kotlin\kotlinc\bin;C:\ffmpeg\bin;C:\node;C:\Users\world415\AppData\Local\Microsoft\WindowsApps;C:\Users\world415\go\bin;C:\Users\world415\AppData\Local\Programs\Microsoft VS Code\bin;
# environment
ZES_ENABLE_SYSMAN = 1
# environment
COMPUTERNAME = WORLD415
# default
MAKEFILES := 
# automatic
^F = $(notdir $^)
# environment
PROMPT = $P$G
# environment
CHOCOLATEYLASTPATHUPDATE = 132722982449566362
# environment
LOGONSERVER = \\WORLD415
# environment
USERNAME = world415
# environment
COMMONPROGRAMFILES = C:\Program Files (x86)\Common Files
# automatic
?F = $(notdir $?)
# environment
PROGRAMW6432 = C:\Program Files
# environment
PATHEXT = .COM;.EXE;.BAT;.CMD;.VBS;.VBE;.JS;.JSE;.WSF;.WSH;.MSC
# automatic
+F = $(notdir $+)
# environment
ORIGINAL_XDG_CURRENT_DESKTOP = undefined
# environment
USERDOMAIN = WORLD415
# 'override' directive
GNUMAKEFLAGS := 
# environment
OS = Windows_NT
# makefile
.DEFAULT_GOAL := 
# default
MAKE_VERSION := 4.3
# environment
PROGRAMFILES(X86) = C:\Program Files (x86)
# environment
USERDOMAIN_ROAMINGPROFILE = WORLD415
# environment
NUMBER_OF_PROCESSORS = 12
# environment
PUBLIC = C:\Users\Public
# environment
APPDATA = C:\Users\world415\AppData\Roaming
# environment
HOMEDRIVE = C:
# environment
PROCESSOR_ARCHITECTURE = x86
# environment
VSCODE_AMD_ENTRYPOINT = vs/workbench/api/node/extensionHostProcess
# environment
COMMONPROGRAMFILES(X86) = C:\Program Files (x86)\Common Files
# environment
ELECTRON_RUN_AS_NODE = 1
# environment
TEMP = C:\Users\world415\AppData\Local\Temp
# environment
VSCODE_IPC_HOOK = \\.\pipe\f15877c7e09de9c88409ff4de1bae93f-1.69.2-main-sock
# default
.RECIPEPREFIX := 
# automatic
<F = $(notdir $<)
# default
SUFFIXES := 
# environment
ALLUSERSPROFILE = C:\ProgramData
# environment
SESSIONNAME = Console
# default
.FEATURES := target-specific order-only second-expansion else-if shortest-stem undefine oneshell nocomment grouped-target extra-prereqs archives jobserver output-sync load
# environment
MIC_LD_LIBRARY_PATH = C:\Program Files (x86)\Common Files\Intel\Shared Libraries\compiler\lib\mic
# environment
PROCESSOR_REVISION = a701
# environment
PROCESSOR_IDENTIFIER = Intel64 Family 6 Model 167 Stepping 1, GenuineIntel
# variable set hash-table stats:
# Load=96/1024=9%, Rehash=0, Collisions=10/120=8%

# Pattern-specific Variable Values

# No pattern-specific variable values.

# Directories

# . (key c:/Coding/C++/OnlineGame, mtime 1658720107): 6 files, no impossibilities.

# 6 files, no impossibilities in 1 directories.

# Implicit Rules

# No implicit rules.

# Files

# Not a target:
Makefile:
#  Implicit rule search has been done.
#  File does not exist.
#  File has been updated.
#  Failed to be updated.

# Not a target:
.DEFAULT:
#  Implicit rule search has not been done.
#  Modification time never checked.
#  File has not been updated.

# Not a target:
all:
#  Command line target.
#  Implicit rule search has been done.
#  File does not exist.
#  File has not been updated.

# Not a target:
makefile:
#  Implicit rule search has been done.
#  File does not exist.
#  File has been updated.
#  Failed to be updated.

# Not a target:
makefile.mak:
#  Implicit rule search has been done.
#  File does not exist.
#  File has been updated.
#  Failed to be updated.

# Not a target:
GNUmakefile:
#  Implicit rule search has been done.
#  File does not exist.
#  File has been updated.
#  Failed to be updated.

# files hash-table stats:
# Load=7/1024=1%, Rehash=0, Collisions=0/16=0%
# VPATH Search Paths

# No 'vpath' search paths.

# No general ('VPATH' variable) search path.

# strcache buffers: 1 (0) / strings = 13 / storage = 109 B / avg = 8 B
# current buf: size = 8174 B / used = 109 B / count = 13 / avg = 8 B

# strcache performance: lookups = 16 / hit rate = 18%
# hash-table stats:
# Load=13/8192=0%, Rehash=0, Collisions=0/16=0%
# Finished Make data base on Sat Jul 30 17:57:54 2022

 
